<?xml version="1.0" encoding="UTF-8"?>
<!-- Generated by org.testng.reporters.JUnitReportReporter -->
<testsuite skipped="0" hostname="Mirna" name="variousConcepts.LoginTest_TestNG" tests="1" failures="0" timestamp="2021-06-20T22:36:28 CDT" time="7.471" errors="0">
  <testcase name="LoginTest" time="7.471" classname="variousConcepts.LoginTest_TestNG"/>
  <system-out/>
</testsuite> <!-- variousConcepts.LoginTest_TestNG -->
